<?xml version="1.0" encoding="UTF-8"?>
<!-- Generated by org.testng.reporters.JUnitReportReporter -->
<testsuite skipped="0" hostname="LAPTOP-BF6O2SVC" name="APITest.Post_CreateEmployee_Validation_Test" tests="6" failures="0" timestamp="2020-02-03T01:58:31 CET" time="3.898" errors="0">
  <testcase name="bodyvalidation_POSTRequest" time="0.655" classname="APITest.Post_CreateEmployee_Validation_Test"/>
  <system-out/>
  <testcase name="headervalidation" time="0.657" classname="APITest.Post_CreateEmployee_Validation_Test"/>
  <system-out/>
  <testcase name="StatusLine_POSTRequest" time="0.718" classname="APITest.Post_CreateEmployee_Validation_Test"/>
  <system-out/>
  <testcase name="payload_BodyPOSTRequest" time="0.634" classname="APITest.Post_CreateEmployee_Validation_Test"/>
  <system-out/>
  <testcase name="Statuscode_POSTRequest" time="0.631" classname="APITest.Post_CreateEmployee_Validation_Test"/>
  <system-out/>
  <testcase name="CreateResponseTimevalidation" time="0.603" classname="APITest.Post_CreateEmployee_Validation_Test"/>
  <system-out/>
</testsuite> <!-- APITest.Post_CreateEmployee_Validation_Test -->
