<?xml version="1.0" encoding="UTF-8"?>
<!-- Generated by org.testng.reporters.JUnitReportReporter -->
<testsuite skipped="0" hostname="LAPTOP-BF6O2SVC" name="APITest.DELETE_Employee_Validation_Test" tests="5" failures="0" timestamp="2020-02-03T01:58:31 CET" time="6.530" errors="0">
  <testcase name="headervalidation" time="0.679" classname="APITest.DELETE_Employee_Validation_Test"/>
  <system-out>
Header_DeleteRequest Test Execution Started Header Validation Header validation is Pass  </system-out>
  <testcase name="CreateResponseTimevalidation" time="0.694" classname="APITest.DELETE_Employee_Validation_Test"/>
  <system-out>
Response Time_DeleteRequest Test Execution Started Response time Validation Performance:Response time validation is Pass  </system-out>
  <testcase name="Statuscode_DeleteRequest" time="3.287" classname="APITest.DELETE_Employee_Validation_Test"/>
  <system-out>
Statuscode_DeleteRequest Test Execution Started StatusCode Validation Status code validation is Pass  </system-out>
  <testcase name="StatusLine_DeleteRequest" time="0.679" classname="APITest.DELETE_Employee_Validation_Test"/>
  <system-out>
StatusLine DeleteRequest Test Execution Started StatusLine Validation Status line validation is Pass  </system-out>
  <testcase name="bodyvalidation_POSTRequest" time="1.191" classname="APITest.DELETE_Employee_Validation_Test"/>
  <system-out>
Payload _DeleteRequest Test Execution Started Response Body Validation Response Body validation is Pass  </system-out>
</testsuite> <!-- APITest.DELETE_Employee_Validation_Test -->
