<?xml version="1.0" encoding="UTF-8"?>
<!-- Generated by org.testng.reporters.JUnitReportReporter -->
<testsuite skipped="0" hostname="LAPTOP-BF6O2SVC" name="APITest.GetRequestValidation_Test" tests="6" failures="0" timestamp="2020-02-03T01:58:31 CET" time="4.697" errors="0">
  <testcase name="PerfResponseTimevalidation" time="0.695" classname="APITest.GetRequestValidation_Test"/>
  <system-out/>
  <testcase name="StatusLine_GetRequest" time="0.709" classname="APITest.GetRequestValidation_Test"/>
  <system-out/>
  <testcase name="headervalidation" time="0.658" classname="APITest.GetRequestValidation_Test"/>
  <system-out/>
  <testcase name="bodyvalidation_GetRequest" time="1.272" classname="APITest.GetRequestValidation_Test"/>
  <system-out/>
  <testcase name="payload_GetRequest" time="0.727" classname="APITest.GetRequestValidation_Test"/>
  <system-out/>
  <testcase name="Statuscode_GetRequest" time="0.636" classname="APITest.GetRequestValidation_Test"/>
  <system-out/>
</testsuite> <!-- APITest.GetRequestValidation_Test -->
