<?xml version="1.0" encoding="UTF-8"?>
<!-- Generated by org.testng.reporters.JUnitReportReporter -->
<testsuite skipped="0" hostname="LAPTOP-BF6O2SVC" name="APITest.Get_SingleEmployeeValidation_Test" tests="5" failures="0" timestamp="2020-02-03T01:58:31 CET" time="3.463" errors="0">
  <testcase name="headervalidation" time="0.748" classname="APITest.Get_SingleEmployeeValidation_Test"/>
  <system-out/>
  <testcase name="Statuscode_GetRequest" time="0.694" classname="APITest.Get_SingleEmployeeValidation_Test"/>
  <system-out/>
  <testcase name="PerfResponseTimevalidation" time="0.615" classname="APITest.Get_SingleEmployeeValidation_Test"/>
  <system-out/>
  <testcase name="payload_GetRequest" time="0.681" classname="APITest.Get_SingleEmployeeValidation_Test"/>
  <system-out/>
  <testcase name="StatusLine_GetRequest" time="0.725" classname="APITest.Get_SingleEmployeeValidation_Test"/>
  <system-out/>
</testsuite> <!-- APITest.Get_SingleEmployeeValidation_Test -->
