<?xml version="1.0" encoding="UTF-8"?>
<!-- Generated by org.testng.reporters.JUnitReportReporter -->
<testsuite skipped="0" hostname="LAPTOP-BF6O2SVC" name="APITest.PUT_UpdateEmp_Validation_Test" tests="6" failures="0" timestamp="2020-02-03T01:58:31 CET" time="3.847" errors="0">
  <testcase name="Statuscode_PUTRequest" time="0.609" classname="APITest.PUT_UpdateEmp_Validation_Test"/>
  <system-out/>
  <testcase name="CreateResponseTimevalidation" time="0.621" classname="APITest.PUT_UpdateEmp_Validation_Test"/>
  <system-out/>
  <testcase name="bodyvalidation_PUTRequest" time="0.641" classname="APITest.PUT_UpdateEmp_Validation_Test"/>
  <system-out/>
  <testcase name="headervalidation" time="0.678" classname="APITest.PUT_UpdateEmp_Validation_Test"/>
  <system-out/>
  <testcase name="StatusLine_PUTRequest" time="0.682" classname="APITest.PUT_UpdateEmp_Validation_Test"/>
  <system-out/>
  <testcase name="payload_BodyPUTRequest" time="0.616" classname="APITest.PUT_UpdateEmp_Validation_Test"/>
  <system-out/>
</testsuite> <!-- APITest.PUT_UpdateEmp_Validation_Test -->
