<?xml version="1.0" encoding="UTF-8" ?>
<testsuite tests="28" failures="0" name="TestSuite" time="1.503" errors="0" skipped="0">
  <properties>
    <property name="java.runtime.name" value="Java(TM) SE Runtime Environment"/>
    <property name="sun.boot.library.path" value="C:\Program Files\Java\jdk1.8.0_161\jre\bin"/>
    <property name="java.vm.version" value="25.161-b12"/>
    <property name="java.vm.vendor" value="Oracle Corporation"/>
    <property name="maven.multiModuleProjectDirectory" value="C:\Users\Ishuvir singh\eclipse-workspace\BeatTestChallange_API"/>
    <property name="java.vendor.url" value="http://java.oracle.com/"/>
    <property name="path.separator" value=";"/>
    <property name="guice.disable.misplaced.annotation.check" value="true"/>
    <property name="java.vm.name" value="Java HotSpot(TM) 64-Bit Server VM"/>
    <property name="file.encoding.pkg" value="sun.io"/>
    <property name="user.script" value=""/>
    <property name="user.country" value="GB"/>
    <property name="sun.java.launcher" value="SUN_STANDARD"/>
    <property name="sun.os.patch.level" value=""/>
    <property name="java.vm.specification.name" value="Java Virtual Machine Specification"/>
    <property name="user.dir" value="C:\Users\Ishuvir singh\eclipse-workspace\BeatTestChallange_API"/>
    <property name="java.runtime.version" value="1.8.0_161-b12"/>
    <property name="java.awt.graphicsenv" value="sun.awt.Win32GraphicsEnvironment"/>
    <property name="java.endorsed.dirs" value="C:\Program Files\Java\jdk1.8.0_161\jre\lib\endorsed"/>
    <property name="os.arch" value="amd64"/>
    <property name="java.io.tmpdir" value="C:\Users\ISHUVI~1\AppData\Local\Temp\"/>
    <property name="line.separator" value="
"/>
    <property name="java.vm.specification.vendor" value="Oracle Corporation"/>
    <property name="user.variant" value=""/>
    <property name="os.name" value="Windows 10"/>
    <property name="classworlds.conf" value="C:\Users\Ishuvir singh\eclipse-workspace\.metadata\.plugins\org.eclipse.m2e.launching\launches\m2conf10265170039308755816.tmp"/>
    <property name="sun.jnu.encoding" value="Cp1252"/>
    <property name="java.library.path" value="C:\Program Files\Java\jdk1.8.0_161\bin;C:\WINDOWS\Sun\Java\bin;C:\WINDOWS\system32;C:\WINDOWS;C:/Program Files/Java/jdk-10/bin/server;C:/Program Files/Java/jdk-10/bin;C:\Program Files (x86)\Common Files\Oracle\Java\javapath;C:\ProgramData\Oracle\Java\javapath;C:\WINDOWS\system32;C:\WINDOWS;C:\WINDOWS\System32\Wbem;C:\WINDOWS\System32\WindowsPowerShell\v1.0\;C:\Program Files\Java\jdk1.8.0_161\bin;C:\Program Files (x86)\ooRexx;C:\WINDOWS\System32\OpenSSH\;C:\Program Files\Git\cmd;C:\Users\Ishuvir singh\AppData\Local\Android\Sdk\build-tools;C:\Users\Ishuvir singh\AppData\Local\Android\Sdk\tools;C:\Users\Ishuvir singh\AppData\Local\Android\Sdk\platform-tools;C:\Program Files\Android\Android Studio\bin;&quot;C:\Users\Ishuvir singh\AppData\Local\Microsoft\WindowsApps;C:\Program Files\Java\jdk-10\bin;D:\lib\libs&quot;;;C:\Users\Ishuvir singh\AppData\Local\Microsoft\WindowsApps;C:\WINDOWS\system32;;."/>
    <property name="java.specification.name" value="Java Platform API Specification"/>
    <property name="java.class.version" value="52.0"/>
    <property name="sun.management.compiler" value="HotSpot 64-Bit Tiered Compilers"/>
    <property name="os.version" value="10.0"/>
    <property name="user.home" value="C:\Users\Ishuvir singh"/>
    <property name="user.timezone" value="Europe/Berlin"/>
    <property name="java.awt.printerjob" value="sun.awt.windows.WPrinterJob"/>
    <property name="java.specification.version" value="1.8"/>
    <property name="file.encoding" value="Cp1252"/>
    <property name="user.name" value="Ishuvir singh"/>
    <property name="java.class.path" value="C:\Users\Ishuvir singh\.p2\pool\plugins\org.eclipse.m2e.maven.runtime_1.10.0.20181127-2120\jars\plexus-classworlds-2.5.2.jar"/>
    <property name="java.vm.specification.version" value="1.8"/>
    <property name="sun.arch.data.model" value="64"/>
    <property name="java.home" value="C:\Program Files\Java\jdk1.8.0_161\jre"/>
    <property name="sun.java.command" value="org.codehaus.plexus.classworlds.launcher.Launcher -B install"/>
    <property name="java.specification.vendor" value="Oracle Corporation"/>
    <property name="user.language" value="en"/>
    <property name="awt.toolkit" value="sun.awt.windows.WToolkit"/>
    <property name="java.vm.info" value="mixed mode"/>
    <property name="java.version" value="1.8.0_161"/>
    <property name="java.ext.dirs" value="C:\Program Files\Java\jdk1.8.0_161\jre\lib\ext;C:\WINDOWS\Sun\Java\lib\ext"/>
    <property name="sun.boot.class.path" value="C:\Program Files\Java\jdk1.8.0_161\jre\lib\resources.jar;C:\Program Files\Java\jdk1.8.0_161\jre\lib\rt.jar;C:\Program Files\Java\jdk1.8.0_161\jre\lib\sunrsasign.jar;C:\Program Files\Java\jdk1.8.0_161\jre\lib\jsse.jar;C:\Program Files\Java\jdk1.8.0_161\jre\lib\jce.jar;C:\Program Files\Java\jdk1.8.0_161\jre\lib\charsets.jar;C:\Program Files\Java\jdk1.8.0_161\jre\lib\jfr.jar;C:\Program Files\Java\jdk1.8.0_161\jre\classes"/>
    <property name="java.vendor" value="Oracle Corporation"/>
    <property name="maven.home" value="C:\Users\Ishuvir singh\eclipse-workspace\BeatTestChallange_API\EMBEDDED"/>
    <property name="file.separator" value="\"/>
    <property name="java.vendor.url.bug" value="http://bugreport.sun.com/bugreport/"/>
    <property name="sun.cpu.endian" value="little"/>
    <property name="sun.io.unicode.encoding" value="UnicodeLittle"/>
    <property name="sun.desktop" value="windows"/>
    <property name="sun.cpu.isalist" value="amd64"/>
  </properties>
  <testcase classname="APITest.DELETE_Employee_Validation_Test" name="CreateResponseTimevalidation" time="0.018"/>
  <testcase classname="APITest.DELETE_Employee_Validation_Test" name="StatusLine_DeleteRequest" time="0.008"/>
  <testcase classname="APITest.DELETE_Employee_Validation_Test" name="Statuscode_DeleteRequest" time="0.002"/>
  <testcase classname="APITest.DELETE_Employee_Validation_Test" name="bodyvalidation_POSTRequest" time="0.54"/>
  <testcase classname="APITest.DELETE_Employee_Validation_Test" name="headervalidation" time="0"/>
  <testcase classname="APITest.GetRequestValidation_Test" name="PerfResponseTimevalidation" time="0.004"/>
  <testcase classname="APITest.GetRequestValidation_Test" name="StatusLine_GetRequest" time="0"/>
  <testcase classname="APITest.GetRequestValidation_Test" name="Statuscode_GetRequest" time="0.001"/>
  <testcase classname="APITest.GetRequestValidation_Test" name="bodyvalidation_GetRequest" time="0.662"/>
  <testcase classname="APITest.GetRequestValidation_Test" name="headervalidation" time="0"/>
  <testcase classname="APITest.GetRequestValidation_Test" name="payload_GetRequest" time="0.019"/>
  <testcase classname="APITest.Get_SingleEmployeeValidation_Test" name="PerfResponseTimevalidation" time="0"/>
  <testcase classname="APITest.Get_SingleEmployeeValidation_Test" name="StatusLine_GetRequest" time="0.002"/>
  <testcase classname="APITest.Get_SingleEmployeeValidation_Test" name="Statuscode_GetRequest" time="0"/>
  <testcase classname="APITest.Get_SingleEmployeeValidation_Test" name="headervalidation" time="0.002"/>
  <testcase classname="APITest.Get_SingleEmployeeValidation_Test" name="payload_GetRequest" time="0.155"/>
  <testcase classname="APITest.Post_CreateEmployee_Validation_Test" name="CreateResponseTimevalidation" time="0.002"/>
  <testcase classname="APITest.Post_CreateEmployee_Validation_Test" name="StatusLine_POSTRequest" time="0"/>
  <testcase classname="APITest.Post_CreateEmployee_Validation_Test" name="Statuscode_POSTRequest" time="0.004"/>
  <testcase classname="APITest.Post_CreateEmployee_Validation_Test" name="bodyvalidation_POSTRequest" time="0.012"/>
  <testcase classname="APITest.Post_CreateEmployee_Validation_Test" name="headervalidation" time="0.003"/>
  <testcase classname="APITest.Post_CreateEmployee_Validation_Test" name="payload_BodyPOSTRequest" time="0.024"/>
  <testcase classname="APITest.PUT_UpdateEmp_Validation_Test" name="CreateResponseTimevalidation" time="0"/>
  <testcase classname="APITest.PUT_UpdateEmp_Validation_Test" name="StatusLine_PUTRequest" time="0"/>
  <testcase classname="APITest.PUT_UpdateEmp_Validation_Test" name="Statuscode_PUTRequest" time="0"/>
  <testcase classname="APITest.PUT_UpdateEmp_Validation_Test" name="bodyvalidation_PUTRequest" time="0.032"/>
  <testcase classname="APITest.PUT_UpdateEmp_Validation_Test" name="headervalidation" time="0.001"/>
  <testcase classname="APITest.PUT_UpdateEmp_Validation_Test" name="payload_BodyPUTRequest" time="0.012"/>
</testsuite>