<?xml version="1.0" encoding="UTF-8"?>
<!-- Generated by org.testng.reporters.JUnitReportReporter -->
<testsuite skipped="0" hostname="LAPTOP-BF6O2SVC" name="APITest.GetRequestValidation_Test" tests="6" failures="0" timestamp="2020-02-03T02:09:34 CET" time="5.136" errors="0">
  <testcase name="payload_GetRequest" time="0.678" classname="APITest.GetRequestValidation_Test"/>
  <system-out/>
  <testcase name="StatusLine_GetRequest" time="0.689" classname="APITest.GetRequestValidation_Test"/>
  <system-out/>
  <testcase name="bodyvalidation_GetRequest" time="1.778" classname="APITest.GetRequestValidation_Test"/>
  <system-out/>
  <testcase name="Statuscode_GetRequest" time="0.663" classname="APITest.GetRequestValidation_Test"/>
  <system-out/>
  <testcase name="headervalidation" time="0.672" classname="APITest.GetRequestValidation_Test"/>
  <system-out/>
  <testcase name="PerfResponseTimevalidation" time="0.656" classname="APITest.GetRequestValidation_Test"/>
  <system-out/>
</testsuite> <!-- APITest.GetRequestValidation_Test -->
