<?xml version="1.0" encoding="UTF-8"?>
<!-- Generated by org.testng.reporters.JUnitReportReporter -->
<testsuite skipped="0" hostname="LAPTOP-BF6O2SVC" name="APITest.PUT_UpdateEmp_Validation_Test" tests="6" failures="0" timestamp="2020-02-03T02:09:34 CET" time="4.345" errors="0">
  <testcase name="headervalidation" time="0.693" classname="APITest.PUT_UpdateEmp_Validation_Test"/>
  <system-out/>
  <testcase name="payload_BodyPUTRequest" time="0.741" classname="APITest.PUT_UpdateEmp_Validation_Test"/>
  <system-out/>
  <testcase name="bodyvalidation_PUTRequest" time="0.883" classname="APITest.PUT_UpdateEmp_Validation_Test"/>
  <system-out/>
  <testcase name="StatusLine_PUTRequest" time="0.610" classname="APITest.PUT_UpdateEmp_Validation_Test"/>
  <system-out/>
  <testcase name="Statuscode_PUTRequest" time="0.706" classname="APITest.PUT_UpdateEmp_Validation_Test"/>
  <system-out/>
  <testcase name="CreateResponseTimevalidation" time="0.712" classname="APITest.PUT_UpdateEmp_Validation_Test"/>
  <system-out/>
</testsuite> <!-- APITest.PUT_UpdateEmp_Validation_Test -->
