<?xml version="1.0" encoding="UTF-8"?>
<!-- Generated by org.testng.reporters.JUnitReportReporter -->
<testsuite skipped="0" hostname="LAPTOP-BF6O2SVC" name="APITest.Get_SingleEmployeeValidation_Test" tests="5" failures="0" timestamp="2020-02-03T02:09:34 CET" time="3.617" errors="0">
  <testcase name="StatusLine_GetRequest" time="0.784" classname="APITest.Get_SingleEmployeeValidation_Test"/>
  <system-out/>
  <testcase name="Statuscode_GetRequest" time="0.733" classname="APITest.Get_SingleEmployeeValidation_Test"/>
  <system-out/>
  <testcase name="payload_GetRequest" time="0.734" classname="APITest.Get_SingleEmployeeValidation_Test"/>
  <system-out/>
  <testcase name="PerfResponseTimevalidation" time="0.659" classname="APITest.Get_SingleEmployeeValidation_Test"/>
  <system-out/>
  <testcase name="headervalidation" time="0.707" classname="APITest.Get_SingleEmployeeValidation_Test"/>
  <system-out/>
</testsuite> <!-- APITest.Get_SingleEmployeeValidation_Test -->
